2023-12-16 21:13:24:1324 [32minfo[39m: [32mserver has been connected to the db server[39m
2023-12-16 21:13:36:1336 [32minfo[39m: [32mserver has been connected to the db server[39m
2023-12-16 21:13:36:1336 [32minfo[39m: [32martion server is running at port 8000[39m
2023-12-16 21:14:42:1442 [32minfo[39m: [32mserver has been connected to the db server[39m
2023-12-16 21:14:42:1442 [32minfo[39m: [32martion server is running at port 8000[39m
2023-12-16 21:15:11:1511 [32minfo[39m: [32mserver has been connected to the db server[39m
2023-12-16 21:15:11:1511 [32minfo[39m: [32martion server is running at port 8000[39m
2023-12-16 21:15:43:1543 [32minfo[39m: [32mserver has been connected to the db server[39m
2023-12-16 21:15:43:1543 [32minfo[39m: [32martion server is running at port 8000[39m
2023-12-16 22:09:06:96 [32minfo[39m: [32mserver has been connected to the db server[39m
2023-12-16 22:09:06:96 [32minfo[39m: [32martion server is running at port 8000[39m
2023-12-16 22:09:30:930 [32minfo[39m: [32mserver has been connected to the db server[39m
2023-12-16 22:09:30:930 [32minfo[39m: [32martion server is running at port 8000[39m
2023-12-16 22:10:02:102 [32minfo[39m: [32mserver has been connected to the db server[39m
2023-12-16 22:10:02:102 [32minfo[39m: [32martion server is running at port 8000[39m
2023-12-16 22:10:47:1047 [32minfo[39m: [32mserver has been connected to the db server[39m
2023-12-16 22:10:47:1047 [32minfo[39m: [32martion server is running at port 8000[39m
2023-12-16 22:15:01:151 [32minfo[39m: [32mserver has been connected to the db server[39m
2023-12-16 22:15:01:151 [32minfo[39m: [32martion server is running at port 8000[39m
2023-12-16 22:15:15:1515 [32minfo[39m: [32mserver has been connected to the db server[39m
2023-12-16 22:15:15:1515 [32minfo[39m: [32martion server is running at port 8000[39m
2023-12-16 22:16:07:167 [32minfo[39m: [32mserver has been connected to the db server[39m
2023-12-16 22:16:07:167 [32minfo[39m: [32martion server is running at port 8000[39m
2023-12-16 22:16:26:1626 [32minfo[39m: [32mserver has been connected to the db server[39m
2023-12-16 22:16:26:1626 [32minfo[39m: [32martion server is running at port 8000[39m
2023-12-16 22:16:45:1645 [32minfo[39m: [32mserver has been connected to the db server[39m
2023-12-16 22:16:45:1645 [32minfo[39m: [32martion server is running at port 8000[39m
2023-12-16 23:26:10:2610 [32minfo[39m: [32mserver has been connected to the db server[39m
2023-12-16 23:26:10:2610 [32minfo[39m: [32martion server is running at port 8000[39m
2023-12-16 23:27:33:2733 [31merror[39m: [31mCast to string failed for value "{}" (type Object) at path "address" for model "User"[39m
2023-12-16 23:28:04:284 [32minfo[39m: [32mserver has been connected to the db server[39m
2023-12-16 23:28:04:284 [32minfo[39m: [32martion server is running at port 8000[39m
2023-12-16 23:28:06:286 [31merror[39m: [31mCast to string failed for value "{}" (type Object) at path "address" for model "User"[39m
2023-12-16 23:28:29:2829 [32minfo[39m: [32mserver has been connected to the db server[39m
2023-12-16 23:28:29:2829 [32minfo[39m: [32martion server is running at port 8000[39m
2023-12-16 23:28:39:2839 [31merror[39m: [31mCast to string failed for value "{}" (type Object) at path "address" for model "User"[39m
2023-12-16 23:29:14:2914 [32minfo[39m: [32mserver has been connected to the db server[39m
2023-12-16 23:29:14:2914 [32minfo[39m: [32martion server is running at port 8000[39m
2023-12-16 23:29:21:2921 [31merror[39m: [31mCast to string failed for value "{}" (type Object) at path "address" for model "User"[39m
2023-12-16 23:30:01:301 [32minfo[39m: [32mserver has been connected to the db server[39m
2023-12-16 23:30:02:302 [32minfo[39m: [32martion server is running at port 8000[39m
2023-12-16 23:30:11:3011 [31merror[39m: [31mAccount is not defined[39m
2023-12-16 23:30:21:3021 [32minfo[39m: [32mserver has been connected to the db server[39m
2023-12-16 23:30:21:3021 [32minfo[39m: [32martion server is running at port 8000[39m
2023-12-16 23:30:24:3024 [31merror[39m: [31mUser validation failed: address: Path `address` is required., email: Path `email` is required.[39m
2023-12-16 23:30:38:3038 [32minfo[39m: [32mserver has been connected to the db server[39m
2023-12-16 23:30:38:3038 [32minfo[39m: [32martion server is running at port 8000[39m
2023-12-16 23:30:40:3040 [31merror[39m: [31mUser validation failed: address: Path `address` is required., email: Path `email` is required.[39m
2023-12-16 23:30:57:3057 [31merror[39m: [31mUser validation failed: address: Path `address` is required., email: Path `email` is required.[39m
2023-12-16 23:33:52:3352 [32minfo[39m: [32mserver has been connected to the db server[39m
2023-12-16 23:33:52:3352 [32minfo[39m: [32martion server is running at port 8000[39m
2023-12-16 23:34:50:3450 [32minfo[39m: [32mserver has been connected to the db server[39m
2023-12-16 23:34:50:3450 [32minfo[39m: [32martion server is running at port 8000[39m
2023-12-16 23:35:12:3512 [32minfo[39m: [32mserver has been connected to the db server[39m
2023-12-16 23:35:12:3512 [32minfo[39m: [32martion server is running at port 8000[39m
2023-12-16 23:35:26:3526 [31merror[39m: [31mUser validation failed: address: Path `address` is required., email: Path `email` is required.[39m
2023-12-16 23:36:04:364 [32minfo[39m: [32mserver has been connected to the db server[39m
2023-12-16 23:36:04:364 [32minfo[39m: [32martion server is running at port 8000[39m
2023-12-16 23:36:13:3613 [31merror[39m: [31mCast to string failed for value "{}" (type Object) at path "address" for model "User"[39m
2023-12-16 23:37:16:3716 [35mhttp[39m: [35mPOST /register/login - - - - ms[39m
[35m[39m
2023-12-16 23:42:45:4245 [32minfo[39m: [32mserver has been connected to the db server[39m
2023-12-16 23:42:45:4245 [32minfo[39m: [32martion server is running at port 8000[39m
2023-12-16 23:43:27:4327 [31merror[39m: [31mCannot set headers after they are sent to the client[39m
2023-12-16 23:43:27:4327 [35mhttp[39m: [35mPOST /register/login 201 245 - 397.492 ms[39m
[35m[39m
2023-12-16 23:44:21:4421 [32minfo[39m: [32mserver has been connected to the db server[39m
2023-12-16 23:44:21:4421 [32minfo[39m: [32martion server is running at port 8000[39m
2023-12-17 00:31:03:313 [32minfo[39m: [32mserver has been connected to the db server[39m
2023-12-17 00:31:03:313 [32minfo[39m: [32martion server is running at port 8000[39m
2023-12-17 00:31:13:3113 [32minfo[39m: [32mserver has been connected to the db server[39m
2023-12-17 00:31:13:3113 [32minfo[39m: [32martion server is running at port 8000[39m
2023-12-17 01:40:26:4026 [31merror[39m: [31mUser validation failed: address: Path `address` is required.[39m
2023-12-17 01:42:03:423 [35mhttp[39m: [35mPOST /register/login - - - - ms[39m
[35m[39m
2023-12-17 03:44:43:4443 [32minfo[39m: [32mserver has been connected to the db server[39m
2023-12-17 03:44:43:4443 [32minfo[39m: [32martion server is running at port 8000[39m
2023-12-17 03:44:49:4449 [35mhttp[39m: [35mPOST /register/login 200 237 - 192.783 ms[39m
[35m[39m
2023-12-17 03:50:59:5059 [35mhttp[39m: [35mPOST /register/login 200 237 - 194.618 ms[39m
[35m[39m
2023-12-17 03:51:27:5127 [35mhttp[39m: [35mPOST /register/login 200 237 - 174.788 ms[39m
[35m[39m
2023-12-17 03:51:41:5141 [35mhttp[39m: [35mPOST /register/login 200 237 - 186.104 ms[39m
[35m[39m
2023-12-17 03:51:55:5155 [35mhttp[39m: [35mPOST /register/login 200 237 - 191.693 ms[39m
[35m[39m
2023-12-17 03:52:26:5226 [35mhttp[39m: [35mPOST /register/login 200 237 - 168.600 ms[39m
[35m[39m
2023-12-17 03:52:34:5234 [35mhttp[39m: [35mPOST /register/login 200 237 - 204.989 ms[39m
[35m[39m
2023-12-17 03:52:48:5248 [35mhttp[39m: [35mPOST /register/login 200 237 - 217.270 ms[39m
[35m[39m
2023-12-17 03:52:57:5257 [35mhttp[39m: [35mPOST /register/login 200 237 - 186.335 ms[39m
[35m[39m
2023-12-17 03:53:06:536 [35mhttp[39m: [35mPOST /register/login 200 237 - 219.501 ms[39m
[35m[39m
2023-12-17 03:53:40:5340 [35mhttp[39m: [35mPOST /register/login 200 237 - 191.052 ms[39m
[35m[39m
2023-12-17 03:54:45:5445 [35mhttp[39m: [35mPOST /register/login 200 237 - 192.411 ms[39m
[35m[39m
2023-12-17 03:58:32:5832 [35mhttp[39m: [35mPOST /register/login 200 237 - 186.887 ms[39m
[35m[39m
2023-12-17 03:59:26:5926 [35mhttp[39m: [35mPOST /register/login 200 237 - 420.104 ms[39m
[35m[39m
